<?xml version="1.0" encoding="UTF-8"?>
<testng-results skipped="0" failed="0" total="1" passed="1">
  <reporter-output>
  </reporter-output>
  <suite name="Regression TestSuite" duration-ms="4267" started-at="2019-08-28T15:36:24Z" finished-at="2019-08-28T15:36:29Z">
    <groups>
    </groups>
    <test name="Regression" duration-ms="4267" started-at="2019-08-28T15:36:24Z" finished-at="2019-08-28T15:36:29Z">
      <class name="Tests.Test_todolistFunctions">
        <test-method status="PASS" signature="loginTestPom()[pri:0, instance:Tests.Test_todolistFunctions@7f560810]" name="loginTestPom" duration-ms="4255" started-at="2019-08-28T17:36:24Z" finished-at="2019-08-28T17:36:29Z">
          <reporter-output>
          </reporter-output>
        </test-method> <!-- loginTestPom -->
      </class> <!-- Tests.Test_todolistFunctions -->
    </test> <!-- Regression -->
  </suite> <!-- Regression TestSuite -->
</testng-results>
