<?xml version="1.0" encoding="UTF-8"?>
<testng-results skipped="0" failed="0" ignored="0" total="1" passed="1">
  <reporter-output>
  </reporter-output>
  <suite name="QEtodolist.TestingQEtodolist.Test_todolistFunctions" duration-ms="4300" started-at="2019-08-28T15:48:36Z" finished-at="2019-08-28T15:48:40Z">
    <groups>
    </groups>
    <test name="Command line test" duration-ms="4300" started-at="2019-08-28T15:48:36Z" finished-at="2019-08-28T15:48:40Z">
      <class name="QEtodolist.TestingQEtodolist.Test_todolistFunctions">
        <test-method status="PASS" signature="loginTestPom()[pri:0, instance:QEtodolist.TestingQEtodolist.Test_todolistFunctions@1554909b]" name="loginTestPom" duration-ms="4280" started-at="2019-08-28T17:48:36Z" finished-at="2019-08-28T17:48:40Z">
          <reporter-output>
          </reporter-output>
        </test-method> <!-- loginTestPom -->
      </class> <!-- QEtodolist.TestingQEtodolist.Test_todolistFunctions -->
    </test> <!-- Command line test -->
  </suite> <!-- QEtodolist.TestingQEtodolist.Test_todolistFunctions -->
</testng-results>
